<?xml version="1.0" encoding="UTF-8"?>
<testng-results ignored="0" total="4" passed="4" failed="0" skipped="0">
  <reporter-output>
  </reporter-output>
  <suite started-at="2021-01-29T17:59:41 IST" name="Suite" finished-at="2021-01-29T17:59:41 IST" duration-ms="50">
    <groups>
    </groups>
    <test started-at="2021-01-29T17:59:41 IST" name="Test" finished-at="2021-01-29T17:59:41 IST" duration-ms="50">
      <class name="qaclickacademy.AppiumTest">
        <test-method signature="IOSApps()[pri:0, instance:qaclickacademy.AppiumTest@757277dc]" started-at="2021-01-29T17:59:41 IST" name="IOSApps" finished-at="2021-01-29T17:59:41 IST" duration-ms="4" status="PASS">
          <reporter-output>
          </reporter-output>
        </test-method> <!-- IOSApps -->
        <test-method signature="NativeAppAndroid()[pri:0, instance:qaclickacademy.AppiumTest@757277dc]" started-at="2021-01-29T17:59:41 IST" name="NativeAppAndroid" finished-at="2021-01-29T17:59:41 IST" duration-ms="1" status="PASS">
          <reporter-output>
          </reporter-output>
        </test-method> <!-- NativeAppAndroid -->
      </class> <!-- qaclickacademy.AppiumTest -->
      <class name="qaclickacademy.SeleniumTest">
        <test-method signature="BrowserAutomation()[pri:0, instance:qaclickacademy.SeleniumTest@687e99d8]" started-at="2021-01-29T17:59:41 IST" name="BrowserAutomation" finished-at="2021-01-29T17:59:41 IST" duration-ms="0" status="PASS">
          <reporter-output>
          </reporter-output>
        </test-method> <!-- BrowserAutomation -->
        <test-method signature="elementsUi()[pri:0, instance:qaclickacademy.SeleniumTest@687e99d8]" started-at="2021-01-29T17:59:41 IST" name="elementsUi" finished-at="2021-01-29T17:59:41 IST" duration-ms="0" status="PASS">
          <reporter-output>
          </reporter-output>
        </test-method> <!-- elementsUi -->
      </class> <!-- qaclickacademy.SeleniumTest -->
    </test> <!-- Test -->
  </suite> <!-- Suite -->
</testng-results>
