<?xml version="1.0" encoding="UTF-8"?>
<testng-results ignored="0" total="1" passed="1" failed="0" skipped="0">
  <reporter-output>
  </reporter-output>
  <suite started-at="2021-01-29T17:23:17 IST" name="Default suite" finished-at="2021-01-29T17:23:17 IST" duration-ms="66">
    <groups>
    </groups>
    <test started-at="2021-01-29T17:23:17 IST" name="Default test" finished-at="2021-01-29T17:23:17 IST" duration-ms="66">
      <class name="qaclickacademy.SeleniumTest">
        <test-method signature="elementsUi()[pri:0, instance:qaclickacademy.SeleniumTest@e7edb54]" started-at="2021-01-29T17:23:17 IST" name="elementsUi" finished-at="2021-01-29T17:23:17 IST" duration-ms="12" status="PASS">
          <reporter-output>
          </reporter-output>
        </test-method> <!-- elementsUi -->
      </class> <!-- qaclickacademy.SeleniumTest -->
    </test> <!-- Default test -->
  </suite> <!-- Default suite -->
</testng-results>
